<?xml version="1.0" encoding="UTF-8"?>
<!-- Generated by org.testng.reporters.JUnitXMLReporter -->
<testsuite ignored="2" hostname="MYSHEC347928L" failures="0" tests="1" name="Default test" time="4.046" errors="0" timestamp="2020-12-07T17:42:51 IST">
  <testcase classname="com.infy.FutureResponse" name="api_for_foreign_exchangess" time="3.997"/>
  <testcase classname="com.infy.FutureResponse" name="validate_positive_response_code_receivedd" time="0.0">
    <ignored/>
  </testcase> <!-- validate_positive_response_code_receivedd -->
  <testcase classname="com.infy.FutureResponse" name="posted_with_future_date_information" time="0.0">
    <ignored/>
  </testcase> <!-- posted_with_future_date_information -->
</testsuite> <!-- Default test -->
