<?xml version="1.0" encoding="UTF-8"?>
<testng-results ignored="2" total="3" passed="1" failed="0" skipped="0">
  <reporter-output>
  </reporter-output>
  <suite started-at="2020-12-07T17:42:47 IST" name="Default suite" finished-at="2020-12-07T17:42:51 IST" duration-ms="4046">
    <groups>
    </groups>
    <test started-at="2020-12-07T17:42:47 IST" name="Default test" finished-at="2020-12-07T17:42:51 IST" duration-ms="4046">
      <class name="com.infy.FutureResponse">
        <test-method signature="api_for_foreign_exchangess()[pri:0, instance:com.infy.FutureResponse@1b6e1eff]" started-at="2020-12-07T17:42:47 IST" name="api_for_foreign_exchangess" finished-at="2020-12-07T17:42:51 IST" duration-ms="3997" status="PASS">
          <reporter-output>
          </reporter-output>
        </test-method> <!-- api_for_foreign_exchangess -->
      </class> <!-- com.infy.FutureResponse -->
    </test> <!-- Default test -->
  </suite> <!-- Default suite -->
</testng-results>
